Determining if the pthread_create exist failed with the following output:
Change Dir: /home/rosknetic/tasks/build/CMakeFiles/CMakeTmp

Run Build Command:"/usr/bin/make" "cmTC_f658a/fast"
/usr/bin/make -f CMakeFiles/cmTC_f658a.dir/build.make CMakeFiles/cmTC_f658a.dir/build
make[1]: Entering directory '/home/rosknetic/tasks/build/CMakeFiles/CMakeTmp'
Building C object CMakeFiles/cmTC_f658a.dir/CheckSymbolExists.c.o
/usr/bin/cc     -o CMakeFiles/cmTC_f658a.dir/CheckSymbolExists.c.o   -c /home/rosknetic/tasks/build/CMakeFiles/CMakeTmp/CheckSymbolExists.c
Linking C executable cmTC_f658a
/usr/bin/cmake -E cmake_link_script CMakeFiles/cmTC_f658a.dir/link.txt --verbose=1
/usr/bin/cc       CMakeFiles/cmTC_f658a.dir/CheckSymbolExists.c.o  -o cmTC_f658a -rdynamic 
CMakeFiles/cmTC_f658a.dir/CheckSymbolExists.c.o：在函数‘main’中：
CheckSymbolExists.c:(.text+0x16)：对‘pthread_create’未定义的引用
collect2: error: ld returned 1 exit status
CMakeFiles/cmTC_f658a.dir/build.make:97: recipe for target 'cmTC_f658a' failed
make[1]: *** [cmTC_f658a] Error 1
make[1]: Leaving directory '/home/rosknetic/tasks/build/CMakeFiles/CMakeTmp'
Makefile:126: recipe for target 'cmTC_f658a/fast' failed
make: *** [cmTC_f658a/fast] Error 2

File /home/rosknetic/tasks/build/CMakeFiles/CMakeTmp/CheckSymbolExists.c:
/* */
#include <pthread.h>

int main(int argc, char** argv)
{
  (void)argv;
#ifndef pthread_create
  return ((int*)(&pthread_create))[argc];
#else
  (void)argc;
  return 0;
#endif
}

Determining if the function pthread_create exists in the pthreads failed with the following output:
Change Dir: /home/rosknetic/tasks/build/CMakeFiles/CMakeTmp

Run Build Command:"/usr/bin/make" "cmTC_e706f/fast"
/usr/bin/make -f CMakeFiles/cmTC_e706f.dir/build.make CMakeFiles/cmTC_e706f.dir/build
make[1]: Entering directory '/home/rosknetic/tasks/build/CMakeFiles/CMakeTmp'
Building C object CMakeFiles/cmTC_e706f.dir/CheckFunctionExists.c.o
/usr/bin/cc    -DCHECK_FUNCTION_EXISTS=pthread_create   -o CMakeFiles/cmTC_e706f.dir/CheckFunctionExists.c.o   -c /usr/share/cmake-3.5/Modules/CheckFunctionExists.c
Linking C executable cmTC_e706f
/usr/bin/cmake -E cmake_link_script CMakeFiles/cmTC_e706f.dir/link.txt --verbose=1
/usr/bin/cc   -DCHECK_FUNCTION_EXISTS=pthread_create    CMakeFiles/cmTC_e706f.dir/CheckFunctionExists.c.o  -o cmTC_e706f -rdynamic -lpthreads 
/usr/bin/ld: 找不到 -lpthreads
collect2: error: ld returned 1 exit status
CMakeFiles/cmTC_e706f.dir/build.make:97: recipe for target 'cmTC_e706f' failed
make[1]: *** [cmTC_e706f] Error 1
make[1]: Leaving directory '/home/rosknetic/tasks/build/CMakeFiles/CMakeTmp'
Makefile:126: recipe for target 'cmTC_e706f/fast' failed
make: *** [cmTC_e706f/fast] Error 2


